[debug] [2018-10-10T02:10:36.279Z] ----------------------------------------------------------------------
[debug] [2018-10-10T02:10:36.283Z] Command:       /home/nghia/.nvm/versions/node/v8.1.3/bin/node /home/nghia/.nvm/versions/node/v8.1.3/bin/firebase serve
[debug] [2018-10-10T02:10:36.283Z] CLI Version:   5.0.1
[debug] [2018-10-10T02:10:36.283Z] Platform:      linux
[debug] [2018-10-10T02:10:36.283Z] Node Version:  v8.1.3
[debug] [2018-10-10T02:10:36.283Z] Time:          Wed Oct 10 2018 09:10:36 GMT+0700 (+07)
[debug] [2018-10-10T02:10:36.283Z] ----------------------------------------------------------------------
[debug] 
[debug] [2018-10-10T02:10:36.299Z] > command requires scopes: ["email","openid","https://www.googleapis.com/auth/cloudplatformprojects.readonly","https://www.googleapis.com/auth/firebase","https://www.googleapis.com/auth/cloud-platform"]
[debug] [2018-10-10T02:10:36.300Z] > authorizing via signed-in user
[debug] [2018-10-10T02:10:36.300Z] [iam] checking project shomejv for permissions ["firebase.projects.get"]
[debug] [2018-10-10T02:10:36.303Z] > refreshing access token with scopes: ["email","https://www.googleapis.com/auth/cloud-platform","https://www.googleapis.com/auth/cloudplatformprojects.readonly","https://www.googleapis.com/auth/firebase","openid"]
[debug] [2018-10-10T02:10:36.303Z] >>> HTTP REQUEST POST https://www.googleapis.com/oauth2/v3/token  
 <request body omitted>
[debug] [2018-10-10T02:10:36.552Z] <<< HTTP RESPONSE 200
[debug] [2018-10-10T02:10:36.560Z] >>> HTTP REQUEST POST https://cloudresourcemanager.googleapis.com/v1/projects/shomejv:testIamPermissions  

[debug] [2018-10-10T02:10:37.734Z] <<< HTTP RESPONSE 200
[debug] [2018-10-10T02:10:37.737Z] >>> HTTP REQUEST GET https://cloudresourcemanager.googleapis.com/v1/projects/shomejv  
 
[debug] [2018-10-10T02:10:38.870Z] <<< HTTP RESPONSE 200
[info] 
[info] === Serving from '/home/nghia/smarthome/smarthome-washer/washer-start'...
[info] 
[info] i  functions: Preparing to emulate functions.
[debug] [2018-10-10T02:10:39.741Z] Fetching environment
[debug] [2018-10-10T02:10:39.744Z] >>> HTTP REQUEST GET https://mobilesdk-pa.googleapis.com/v1/projects/698771310205:getServerAppConfig  
 
[debug] [2018-10-10T02:10:39.745Z] >>> HTTP REQUEST GET https://mobilesdk-pa.googleapis.com/v1/projects/698771310205/clients/_:getWebAppConfig  
 
[debug] [2018-10-10T02:10:45.389Z] <<< HTTP RESPONSE 200
[debug] [2018-10-10T02:10:45.389Z] Starting @google-cloud/functions-emulator
[debug] [2018-10-10T02:10:45.459Z] <<< HTTP RESPONSE 200
[info] i  hosting: Serving hosting files from: public
[info] ✔  hosting: Local server: http://localhost:5000
[debug] [2018-10-10T02:10:47.446Z] Parsing function triggers
[info] ✔  functions: fakeauth: http://localhost:5001/shomejv/us-central1/fakeauth
[info] ✔  functions: faketoken: http://localhost:5001/shomejv/us-central1/faketoken
[info] ✔  functions: smarthome: http://localhost:5001/shomejv/us-central1/smarthome
[info] ✔  functions: requestsync: http://localhost:5001/shomejv/us-central1/requestsync
